  Application.cpp
C:\Users\alexb\OneDrive\Documentos\GitHub\SampleText\Game\Source\Animation.h(54,19): warning C4244: 'inicializando': conversión de 'const float' a 'int'; posible pérdida de datos
C:\Users\alexb\OneDrive\Documentos\GitHub\SampleText\Game\Source\Animation.h(56,30): warning C4244: '=': conversión de 'float' a 'int'; posible pérdida de datos
  Collider.cpp
  Enemy.cpp
C:\Users\alexb\OneDrive\Documentos\GitHub\SampleText\Game\Source\Animation.h(54,19): warning C4244: 'inicializando': conversión de 'const float' a 'int'; posible pérdida de datos
C:\Users\alexb\OneDrive\Documentos\GitHub\SampleText\Game\Source\Animation.h(56,30): warning C4244: '=': conversión de 'float' a 'int'; posible pérdida de datos
  Enemy_ Box.cpp
C:\Users\alexb\OneDrive\Documentos\GitHub\SampleText\Game\Source\Animation.h(54,19): warning C4244: 'inicializando': conversión de 'const float' a 'int'; posible pérdida de datos
C:\Users\alexb\OneDrive\Documentos\GitHub\SampleText\Game\Source\Animation.h(56,30): warning C4244: '=': conversión de 'float' a 'int'; posible pérdida de datos
  Enemy_BrownShip.cpp
C:\Users\alexb\OneDrive\Documentos\GitHub\SampleText\Game\Source\Animation.h(54,19): warning C4244: 'inicializando': conversión de 'const float' a 'int'; posible pérdida de datos
C:\Users\alexb\OneDrive\Documentos\GitHub\SampleText\Game\Source\Animation.h(56,30): warning C4244: '=': conversión de 'float' a 'int'; posible pérdida de datos
  Enemy_Mech.cpp
C:\Users\alexb\OneDrive\Documentos\GitHub\SampleText\Game\Source\Animation.h(54,19): warning C4244: 'inicializando': conversión de 'const float' a 'int'; posible pérdida de datos
C:\Users\alexb\OneDrive\Documentos\GitHub\SampleText\Game\Source\Animation.h(56,30): warning C4244: '=': conversión de 'float' a 'int'; posible pérdida de datos
  Enemy_RedBird.cpp
C:\Users\alexb\OneDrive\Documentos\GitHub\SampleText\Game\Source\Animation.h(54,19): warning C4244: 'inicializando': conversión de 'const float' a 'int'; posible pérdida de datos
C:\Users\alexb\OneDrive\Documentos\GitHub\SampleText\Game\Source\Animation.h(56,30): warning C4244: '=': conversión de 'float' a 'int'; posible pérdida de datos
  Globals.cpp
  Main.cpp
  Module.cpp
  ModuleAudio.cpp
  ModuleCollisions.cpp
  ModuleEnemies.cpp
C:\Users\alexb\OneDrive\Documentos\GitHub\SampleText\Game\Source\Animation.h(54,19): warning C4244: 'inicializando': conversión de 'const float' a 'int'; posible pérdida de datos
C:\Users\alexb\OneDrive\Documentos\GitHub\SampleText\Game\Source\Animation.h(56,30): warning C4244: '=': conversión de 'float' a 'int'; posible pérdida de datos
  ModuleFadeToBlack.cpp
C:\Users\alexb\OneDrive\Documentos\GitHub\SampleText\Game\Source\ModuleFadeToBlack.cpp(78,19): warning C4244: '=': conversión de 'float' a 'Uint32'; posible pérdida de datos
  ModuleFonts.cpp
  ModuleInput.cpp
  ModuleParticles.cpp
C:\Users\alexb\OneDrive\Documentos\GitHub\SampleText\Game\Source\Animation.h(54,19): warning C4244: 'inicializando': conversión de 'const float' a 'int'; posible pérdida de datos
C:\Users\alexb\OneDrive\Documentos\GitHub\SampleText\Game\Source\Animation.h(56,30): warning C4244: '=': conversión de 'float' a 'int'; posible pérdida de datos
  ModulePlayer.cpp
C:\Users\alexb\OneDrive\Documentos\GitHub\SampleText\Game\Source\Animation.h(54,19): warning C4244: 'inicializando': conversión de 'const float' a 'int'; posible pérdida de datos
C:\Users\alexb\OneDrive\Documentos\GitHub\SampleText\Game\Source\Animation.h(56,30): warning C4244: '=': conversión de 'float' a 'int'; posible pérdida de datos
  ModuleRender.cpp
C:\Users\alexb\OneDrive\Documentos\GitHub\SampleText\Game\Source\ModuleRender.cpp(104,34): warning C4244: '-=': conversión de 'float' a 'int'; posible pérdida de datos
C:\Users\alexb\OneDrive\Documentos\GitHub\SampleText\Game\Source\ModuleRender.cpp(105,34): warning C4244: '-=': conversión de 'float' a 'int'; posible pérdida de datos
C:\Users\alexb\OneDrive\Documentos\GitHub\SampleText\Game\Source\ModuleRender.cpp(143,34): warning C4244: '-=': conversión de 'float' a 'int'; posible pérdida de datos
C:\Users\alexb\OneDrive\Documentos\GitHub\SampleText\Game\Source\ModuleRender.cpp(144,34): warning C4244: '-=': conversión de 'float' a 'int'; posible pérdida de datos
  SceneLevel1.cpp
C:\Users\alexb\OneDrive\Documentos\GitHub\SampleText\Game\Source\Animation.h(54,19): warning C4244: 'inicializando': conversión de 'const float' a 'int'; posible pérdida de datos
C:\Users\alexb\OneDrive\Documentos\GitHub\SampleText\Game\Source\Animation.h(56,30): warning C4244: '=': conversión de 'float' a 'int'; posible pérdida de datos
  Generando código...
  Compilando...
  ModuleTextures.cpp
  ModuleWindow.cpp
  Particle.cpp
C:\Users\alexb\OneDrive\Documentos\GitHub\SampleText\Game\Source\Animation.h(54,19): warning C4244: 'inicializando': conversión de 'const float' a 'int'; posible pérdida de datos
C:\Users\alexb\OneDrive\Documentos\GitHub\SampleText\Game\Source\Animation.h(56,30): warning C4244: '=': conversión de 'float' a 'int'; posible pérdida de datos
C:\Users\alexb\OneDrive\Documentos\GitHub\SampleText\Game\Source\Particle.cpp(39,19): warning C4018: '>=': no coinciden signed/unsigned
  Path.cpp
C:\Users\alexb\OneDrive\Documentos\GitHub\SampleText\Game\Source\Animation.h(54,19): warning C4244: 'inicializando': conversión de 'const float' a 'int'; posible pérdida de datos
C:\Users\alexb\OneDrive\Documentos\GitHub\SampleText\Game\Source\Animation.h(56,30): warning C4244: '=': conversión de 'float' a 'int'; posible pérdida de datos
  SceneIntro.cpp
C:\Users\alexb\OneDrive\Documentos\GitHub\SampleText\Game\Source\Animation.h(54,19): warning C4244: 'inicializando': conversión de 'const float' a 'int'; posible pérdida de datos
C:\Users\alexb\OneDrive\Documentos\GitHub\SampleText\Game\Source\Animation.h(56,30): warning C4244: '=': conversión de 'float' a 'int'; posible pérdida de datos
  Tiles.cpp
  Generando código...
  Game.vcxproj -> C:\Users\alexb\OneDrive\Documentos\GitHub\SampleText\Debug\Game.exe
